Determining if the pthread_create exist failed with the following output:
Change Dir: /home/lbx/cse520s/zcyd/build/CMakeFiles/CMakeTmp

Run Build Command:"/usr/bin/make" "cmTC_80033/fast"
/usr/bin/make -f CMakeFiles/cmTC_80033.dir/build.make CMakeFiles/cmTC_80033.dir/build
make[1]: Entering directory '/home/lbx/cse520s/zcyd/build/CMakeFiles/CMakeTmp'
Building C object CMakeFiles/cmTC_80033.dir/CheckSymbolExists.c.o
/usr/bin/cc   -fPIC    -o CMakeFiles/cmTC_80033.dir/CheckSymbolExists.c.o   -c /home/lbx/cse520s/zcyd/build/CMakeFiles/CMakeTmp/CheckSymbolExists.c
Linking C executable cmTC_80033
/usr/bin/cmake -E cmake_link_script CMakeFiles/cmTC_80033.dir/link.txt --verbose=1
/usr/bin/cc -fPIC     -rdynamic CMakeFiles/cmTC_80033.dir/CheckSymbolExists.c.o  -o cmTC_80033 
CMakeFiles/cmTC_80033.dir/CheckSymbolExists.c.o: In function `main':
CheckSymbolExists.c:(.text+0x14): undefined reference to `pthread_create'
CheckSymbolExists.c:(.text+0x18): undefined reference to `pthread_create'
collect2: error: ld returned 1 exit status
CMakeFiles/cmTC_80033.dir/build.make:97: recipe for target 'cmTC_80033' failed
make[1]: *** [cmTC_80033] Error 1
make[1]: Leaving directory '/home/lbx/cse520s/zcyd/build/CMakeFiles/CMakeTmp'
Makefile:126: recipe for target 'cmTC_80033/fast' failed
make: *** [cmTC_80033/fast] Error 2

File /home/lbx/cse520s/zcyd/build/CMakeFiles/CMakeTmp/CheckSymbolExists.c:
/* */
#include <pthread.h>

int main(int argc, char** argv)
{
  (void)argv;
#ifndef pthread_create
  return ((int*)(&pthread_create))[argc];
#else
  (void)argc;
  return 0;
#endif
}

Determining if the function pthread_create exists in the pthreads failed with the following output:
Change Dir: /home/lbx/cse520s/zcyd/build/CMakeFiles/CMakeTmp

Run Build Command:"/usr/bin/make" "cmTC_ba221/fast"
/usr/bin/make -f CMakeFiles/cmTC_ba221.dir/build.make CMakeFiles/cmTC_ba221.dir/build
make[1]: Entering directory '/home/lbx/cse520s/zcyd/build/CMakeFiles/CMakeTmp'
Building C object CMakeFiles/cmTC_ba221.dir/CheckFunctionExists.c.o
/usr/bin/cc   -fPIC -DCHECK_FUNCTION_EXISTS=pthread_create   -o CMakeFiles/cmTC_ba221.dir/CheckFunctionExists.c.o   -c /usr/share/cmake-3.10/Modules/CheckFunctionExists.c
Linking C executable cmTC_ba221
/usr/bin/cmake -E cmake_link_script CMakeFiles/cmTC_ba221.dir/link.txt --verbose=1
/usr/bin/cc -fPIC -DCHECK_FUNCTION_EXISTS=pthread_create    -rdynamic CMakeFiles/cmTC_ba221.dir/CheckFunctionExists.c.o  -o cmTC_ba221 -lpthreads 
/usr/bin/ld: cannot find -lpthreads
collect2: error: ld returned 1 exit status
CMakeFiles/cmTC_ba221.dir/build.make:97: recipe for target 'cmTC_ba221' failed
make[1]: *** [cmTC_ba221] Error 1
make[1]: Leaving directory '/home/lbx/cse520s/zcyd/build/CMakeFiles/CMakeTmp'
Makefile:126: recipe for target 'cmTC_ba221/fast' failed
make: *** [cmTC_ba221/fast] Error 2


